2022-02-03T08:00:36+00:00 CRITICAL syntax error, unexpected identifier "language", expecting "]" in F:\Xampp\htdocs\wp\wp-content\themes\twentysixteen\functions.php on line 605

2022-02-03T09:03:50+00:00 CRITICAL Uncaught Error: Call to undefined method wpdb::get_users() in F:\Xampp\htdocs\wp\wp-content\themes\twentysixteen\functions.php:636
Stack trace:
#0 F:\Xampp\htdocs\wp\wp-includes\shortcodes.php(356): persona_table_shortcode('', '', 'myuser-table')
#1 [internal function]: do_shortcode_tag(Array)
#2 F:\Xampp\htdocs\wp\wp-includes\shortcodes.php(228): preg_replace_callback('/\\[(\\[?)(myuser...', 'do_shortcode_ta...', '[myuser-table]')
#3 F:\Xampp\htdocs\wp\wp-content\themes\twentysixteen\Users.php(69): do_shortcode('[myuser-table]')
#4 F:\Xampp\htdocs\wp\wp-includes\template-loader.php(106): include('F:\\Xampp\\htdocs...')
#5 F:\Xampp\htdocs\wp\wp-blog-header.php(19): require_once('F:\\Xampp\\htdocs...')
#6 F:\Xampp\htdocs\wp\index.php(17): require('F:\\Xampp\\htdocs...')
#7 {main}
  thrown in F:\Xampp\htdocs\wp\wp-content\themes\twentysixteen\functions.php on line 636

2022-02-03T12:13:47+00:00 CRITICAL Uncaught TypeError: count(): Argument #1 ($var) must be of type Countable|array, null given in F:\Xampp\htdocs\wp\wp-content\plugins\pagination-plugin\pagination-plugin.php:32
Stack trace:
#0 F:\Xampp\htdocs\wp\wp-content\themes\twentysixteen\Products.php(11): pagination_plugin('posts', 'product')
#1 F:\Xampp\htdocs\wp\wp-includes\template-loader.php(106): include('F:\\Xampp\\htdocs...')
#2 F:\Xampp\htdocs\wp\wp-blog-header.php(19): require_once('F:\\Xampp\\htdocs...')
#3 F:\Xampp\htdocs\wp\index.php(17): require('F:\\Xampp\\htdocs...')
#4 {main}
  thrown in F:\Xampp\htdocs\wp\wp-content\plugins\pagination-plugin\pagination-plugin.php on line 32

2022-02-03T12:14:58+00:00 CRITICAL Uncaught TypeError: count(): Argument #1 ($var) must be of type Countable|array, string given in F:\Xampp\htdocs\wp\wp-content\plugins\pagination-plugin\pagination-plugin.php:34
Stack trace:
#0 F:\Xampp\htdocs\wp\wp-content\themes\twentysixteen\Products.php(11): pagination_plugin('posts', 'product')
#1 F:\Xampp\htdocs\wp\wp-includes\template-loader.php(106): include('F:\\Xampp\\htdocs...')
#2 F:\Xampp\htdocs\wp\wp-blog-header.php(19): require_once('F:\\Xampp\\htdocs...')
#3 F:\Xampp\htdocs\wp\index.php(17): require('F:\\Xampp\\htdocs...')
#4 {main}
  thrown in F:\Xampp\htdocs\wp\wp-content\plugins\pagination-plugin\pagination-plugin.php on line 34

